<?xml version="1.0" encoding="UTF-8"?>
<testng-results skipped="0" failed="0" total="1" passed="1">
  <reporter-output>
  </reporter-output>
  <suite name="Suite" duration-ms="31803" started-at="2021-05-15T21:54:18Z" finished-at="2021-05-15T21:54:50Z">
    <groups>
    </groups>
    <test name="Validating Book INFO" duration-ms="31803" started-at="2021-05-15T21:54:18Z" finished-at="2021-05-15T21:54:50Z">
      <class name="TestCases.Validatebook">
        <test-method status="PASS" signature="initialize()[pri:0, instance:TestCases.Validatebook@b684286]" name="initialize" is-config="true" duration-ms="10421" started-at="2021-05-16T03:24:18Z" finished-at="2021-05-16T03:24:28Z">
          <reporter-output>
          </reporter-output>
        </test-method> <!-- initialize -->
        <test-method status="PASS" signature="validateBookInfo()[pri:0, instance:TestCases.Validatebook@b684286]" name="validateBookInfo" duration-ms="19832" started-at="2021-05-16T03:24:28Z" finished-at="2021-05-16T03:24:48Z">
          <reporter-output>
          </reporter-output>
        </test-method> <!-- validateBookInfo -->
        <test-method status="PASS" signature="browserclosing()[pri:0, instance:TestCases.Validatebook@b684286]" name="browserclosing" is-config="true" duration-ms="1537" started-at="2021-05-16T03:24:48Z" finished-at="2021-05-16T03:24:50Z">
          <reporter-output>
          </reporter-output>
        </test-method> <!-- browserclosing -->
      </class> <!-- TestCases.Validatebook -->
    </test> <!-- Validating Book INFO -->
  </suite> <!-- Suite -->
</testng-results>
